<?xml version="1.0" encoding="UTF-8" ?>
<testsuite failures="0" time="14.054" errors="0" skipped="0" tests="65" name="com.example.cucumber1.AppTest">
  <properties>
    <property name="java.runtime.name" value="Java(TM) SE Runtime Environment"/>
    <property name="sun.boot.library.path" value="C:\Program Files\Java\jdk1.7.0_71\jre\bin"/>
    <property name="java.vm.version" value="24.71-b01"/>
    <property name="java.vm.vendor" value="Oracle Corporation"/>
    <property name="java.vendor.url" value="http://java.oracle.com/"/>
    <property name="path.separator" value=";"/>
    <property name="guice.disable.misplaced.annotation.check" value="true"/>
    <property name="java.vm.name" value="Java HotSpot(TM) 64-Bit Server VM"/>
    <property name="file.encoding.pkg" value="sun.io"/>
    <property name="user.script" value=""/>
    <property name="user.country" value="ES"/>
    <property name="sun.java.launcher" value="SUN_STANDARD"/>
    <property name="sun.os.patch.level" value="Service Pack 1"/>
    <property name="java.vm.specification.name" value="Java Virtual Machine Specification"/>
    <property name="user.dir" value="D:\Developer\WorkSpace\example-cucumber-1"/>
    <property name="java.runtime.version" value="1.7.0_71-b14"/>
    <property name="java.awt.graphicsenv" value="sun.awt.Win32GraphicsEnvironment"/>
    <property name="java.endorsed.dirs" value="C:\Program Files\Java\jdk1.7.0_71\jre\lib\endorsed"/>
    <property name="os.arch" value="amd64"/>
    <property name="java.io.tmpdir" value="C:\Users\Maximo\AppData\Local\Temp\"/>
    <property name="line.separator" value="
"/>
    <property name="java.vm.specification.vendor" value="Oracle Corporation"/>
    <property name="user.variant" value=""/>
    <property name="os.name" value="Windows 7"/>
    <property name="classworlds.conf" value="C:\Program Files\Apache Software Foundation\apache-maven-3.2.5\bin\..\bin\m2.conf"/>
    <property name="sun.jnu.encoding" value="Cp1252"/>
    <property name="java.library.path" value="C:\Program Files\Java\jdk1.7.0_71\bin;C:\Windows\Sun\Java\bin;C:\Windows\system32;C:\Windows;C:\ProgramData\Oracle\Java\javapath;C:\Program Files (x86)\NVIDIA Corporation\PhysX\Common;C:\Windows\system32;C:\Windows;C:\Windows\System32\Wbem;C:\Windows\System32\WindowsPowerShell\v1.0\;C:\Program Files\Java\jdk1.7.0_71\bin;C:\Program Files\Apache Software Foundation\apache-maven-3.2.5\bin;."/>
    <property name="java.specification.name" value="Java Platform API Specification"/>
    <property name="java.class.version" value="51.0"/>
    <property name="sun.management.compiler" value="HotSpot 64-Bit Tiered Compilers"/>
    <property name="os.version" value="6.1"/>
    <property name="user.home" value="C:\Users\Maximo"/>
    <property name="user.timezone" value="America/Buenos_Aires"/>
    <property name="java.awt.printerjob" value="sun.awt.windows.WPrinterJob"/>
    <property name="java.specification.version" value="1.7"/>
    <property name="file.encoding" value="Cp1252"/>
    <property name="user.name" value="Maximo"/>
    <property name="java.class.path" value="C:\Program Files\Apache Software Foundation\apache-maven-3.2.5\bin\..\boot\plexus-classworlds-2.5.2.jar"/>
    <property name="java.vm.specification.version" value="1.7"/>
    <property name="sun.arch.data.model" value="64"/>
    <property name="java.home" value="C:\Program Files\Java\jdk1.7.0_71\jre"/>
    <property name="sun.java.command" value="org.codehaus.plexus.classworlds.launcher.Launcher install"/>
    <property name="java.specification.vendor" value="Oracle Corporation"/>
    <property name="user.language" value="es"/>
    <property name="awt.toolkit" value="sun.awt.windows.WToolkit"/>
    <property name="java.vm.info" value="mixed mode"/>
    <property name="java.version" value="1.7.0_71"/>
    <property name="java.ext.dirs" value="C:\Program Files\Java\jdk1.7.0_71\jre\lib\ext;C:\Windows\Sun\Java\lib\ext"/>
    <property name="sun.boot.class.path" value="C:\Program Files\Java\jdk1.7.0_71\jre\lib\resources.jar;C:\Program Files\Java\jdk1.7.0_71\jre\lib\rt.jar;C:\Program Files\Java\jdk1.7.0_71\jre\lib\sunrsasign.jar;C:\Program Files\Java\jdk1.7.0_71\jre\lib\jsse.jar;C:\Program Files\Java\jdk1.7.0_71\jre\lib\jce.jar;C:\Program Files\Java\jdk1.7.0_71\jre\lib\charsets.jar;C:\Program Files\Java\jdk1.7.0_71\jre\lib\jfr.jar;C:\Program Files\Java\jdk1.7.0_71\jre\classes"/>
    <property name="java.vendor" value="Oracle Corporation"/>
    <property name="maven.home" value="C:\Program Files\Apache Software Foundation\apache-maven-3.2.5\bin\.."/>
    <property name="file.separator" value="\"/>
    <property name="java.vendor.url.bug" value="http://bugreport.sun.com/bugreport/"/>
    <property name="sun.cpu.endian" value="little"/>
    <property name="sun.io.unicode.encoding" value="UnicodeLittle"/>
    <property name="sun.desktop" value="windows"/>
    <property name="sun.cpu.isalist" value="amd64"/>
  </properties>
  <testcase time="0.002" classname="| https://www.google.com.ar/ | chrome | java | Google Nexus 5 |" name="Given &quot;https://www.google.com.ar/&quot; is open in &quot;chrome&quot; and set the emulation to device &quot;Google Nexus 5&quot;"/>
  <testcase time="0" classname="| https://www.google.com.ar/ | chrome | java | Google Nexus 5 |" name="When I type &quot;java&quot; in the search field"/>
  <testcase time="0" classname="| https://www.google.com.ar/ | chrome | java | Google Nexus 5 |" name="And I click the search button"/>
  <testcase time="0" classname="| https://www.google.com.ar/ | chrome | java | Google Nexus 5 |" name="Then I see the results for Java"/>
  <testcase time="1.179" classname="| https://www.google.com.ar/ | chrome | java | Google Nexus 5 |" name="| https://www.google.com.ar/ | chrome | java | Google Nexus 5 |"/>
  <testcase time="0" classname="| https://www.google.com.ar/ | chrome | kiwi | Apple iPhone 5 |" name="Given &quot;https://www.google.com.ar/&quot; is open in &quot;chrome&quot; and set the emulation to device &quot;Apple iPhone 5&quot;"/>
  <testcase time="0" classname="| https://www.google.com.ar/ | chrome | kiwi | Apple iPhone 5 |" name="When I type &quot;kiwi&quot; in the search field"/>
  <testcase time="0" classname="| https://www.google.com.ar/ | chrome | kiwi | Apple iPhone 5 |" name="And I click the search button"/>
  <testcase time="0" classname="| https://www.google.com.ar/ | chrome | kiwi | Apple iPhone 5 |" name="Then I see the results for Java"/>
  <testcase time="1.164" classname="| https://www.google.com.ar/ | chrome | kiwi | Apple iPhone 5 |" name="| https://www.google.com.ar/ | chrome | kiwi | Apple iPhone 5 |"/>
  <testcase time="0" classname="| https://www.google.com.ar/ | chrome | compu | Apple iPhone 6 |" name="Given &quot;https://www.google.com.ar/&quot; is open in &quot;chrome&quot; and set the emulation to device &quot;Apple iPhone 6&quot;"/>
  <testcase time="0" classname="| https://www.google.com.ar/ | chrome | compu | Apple iPhone 6 |" name="When I type &quot;compu&quot; in the search field"/>
  <testcase time="0" classname="| https://www.google.com.ar/ | chrome | compu | Apple iPhone 6 |" name="And I click the search button"/>
  <testcase time="0" classname="| https://www.google.com.ar/ | chrome | compu | Apple iPhone 6 |" name="Then I see the results for Java"/>
  <testcase time="1.152" classname="| https://www.google.com.ar/ | chrome | compu | Apple iPhone 6 |" name="| https://www.google.com.ar/ | chrome | compu | Apple iPhone 6 |"/>
  <testcase time="0" classname="| https://www.google.com.ar/ | chrome | compu |  |" name="Given &quot;https://www.google.com.ar/&quot; is open in &quot;chrome&quot; and set the emulation to device &quot;&quot;"/>
  <testcase time="0.001" classname="| https://www.google.com.ar/ | chrome | compu |  |" name="When I type &quot;compu&quot; in the search field"/>
  <testcase time="0" classname="| https://www.google.com.ar/ | chrome | compu |  |" name="And I click the search button"/>
  <testcase time="0" classname="| https://www.google.com.ar/ | chrome | compu |  |" name="Then I see the results for Java"/>
  <testcase time="1.161" classname="| https://www.google.com.ar/ | chrome | compu |  |" name="| https://www.google.com.ar/ | chrome | compu |  |"/>
  <testcase time="0" classname="| https://www.google.com.ar/ | firefox | compu |  |" name="Given &quot;https://www.google.com.ar/&quot; is open in &quot;firefox&quot; and set the emulation to device &quot;&quot;"/>
  <testcase time="0" classname="| https://www.google.com.ar/ | firefox | compu |  |" name="When I type &quot;compu&quot; in the search field"/>
  <testcase time="0" classname="| https://www.google.com.ar/ | firefox | compu |  |" name="And I click the search button"/>
  <testcase time="0" classname="| https://www.google.com.ar/ | firefox | compu |  |" name="Then I see the results for Java"/>
  <testcase time="0.187" classname="| https://www.google.com.ar/ | firefox | compu |  |" name="| https://www.google.com.ar/ | firefox | compu |  |"/>
  <testcase time="0" classname="| https://www.google.com.ar/ | chrome | kiwi | Apple iPhone 6 Plus |" name="Given &quot;https://www.google.com.ar/&quot; is open in &quot;chrome&quot; and set the emulation to device &quot;Apple iPhone 6 Plus&quot;"/>
  <testcase time="0" classname="| https://www.google.com.ar/ | chrome | kiwi | Apple iPhone 6 Plus |" name="When I type &quot;kiwi&quot; in the search field"/>
  <testcase time="0" classname="| https://www.google.com.ar/ | chrome | kiwi | Apple iPhone 6 Plus |" name="And I click the search button"/>
  <testcase time="0" classname="| https://www.google.com.ar/ | chrome | kiwi | Apple iPhone 6 Plus |" name="Then I see the results for Java"/>
  <testcase time="1.133" classname="| https://www.google.com.ar/ | chrome | kiwi | Apple iPhone 6 Plus |" name="| https://www.google.com.ar/ | chrome | kiwi | Apple iPhone 6 Plus |"/>
  <testcase time="0" classname="| https://www.google.com.ar/ | chrome | kiwi | Google Nexus 10 |" name="Given &quot;https://www.google.com.ar/&quot; is open in &quot;chrome&quot; and set the emulation to device &quot;Google Nexus 10&quot;"/>
  <testcase time="0" classname="| https://www.google.com.ar/ | chrome | kiwi | Google Nexus 10 |" name="When I type &quot;kiwi&quot; in the search field"/>
  <testcase time="0" classname="| https://www.google.com.ar/ | chrome | kiwi | Google Nexus 10 |" name="And I click the search button"/>
  <testcase time="0" classname="| https://www.google.com.ar/ | chrome | kiwi | Google Nexus 10 |" name="Then I see the results for Java"/>
  <testcase time="1.16" classname="| https://www.google.com.ar/ | chrome | kiwi | Google Nexus 10 |" name="| https://www.google.com.ar/ | chrome | kiwi | Google Nexus 10 |"/>
  <testcase time="0" classname="| https://www.google.com.ar/ | chrome | kiwi | Google Nexus 4 |" name="Given &quot;https://www.google.com.ar/&quot; is open in &quot;chrome&quot; and set the emulation to device &quot;Google Nexus 4&quot;"/>
  <testcase time="0" classname="| https://www.google.com.ar/ | chrome | kiwi | Google Nexus 4 |" name="When I type &quot;kiwi&quot; in the search field"/>
  <testcase time="0" classname="| https://www.google.com.ar/ | chrome | kiwi | Google Nexus 4 |" name="And I click the search button"/>
  <testcase time="0" classname="| https://www.google.com.ar/ | chrome | kiwi | Google Nexus 4 |" name="Then I see the results for Java"/>
  <testcase time="1.143" classname="| https://www.google.com.ar/ | chrome | kiwi | Google Nexus 4 |" name="| https://www.google.com.ar/ | chrome | kiwi | Google Nexus 4 |"/>
  <testcase time="0" classname="| https://www.google.com.ar/ | chrome | compu | Google Nexus 5 |" name="Given &quot;https://www.google.com.ar/&quot; is open in &quot;chrome&quot; and set the emulation to device &quot;Google Nexus 5&quot;"/>
  <testcase time="0" classname="| https://www.google.com.ar/ | chrome | compu | Google Nexus 5 |" name="When I type &quot;compu&quot; in the search field"/>
  <testcase time="0" classname="| https://www.google.com.ar/ | chrome | compu | Google Nexus 5 |" name="And I click the search button"/>
  <testcase time="0" classname="| https://www.google.com.ar/ | chrome | compu | Google Nexus 5 |" name="Then I see the results for Java"/>
  <testcase time="1.173" classname="| https://www.google.com.ar/ | chrome | compu | Google Nexus 5 |" name="| https://www.google.com.ar/ | chrome | compu | Google Nexus 5 |"/>
  <testcase time="0" classname="| https://www.google.com.ar/ | chrome | kiwi | Google Nexus 7 |" name="Given &quot;https://www.google.com.ar/&quot; is open in &quot;chrome&quot; and set the emulation to device &quot;Google Nexus 7&quot;"/>
  <testcase time="0" classname="| https://www.google.com.ar/ | chrome | kiwi | Google Nexus 7 |" name="When I type &quot;kiwi&quot; in the search field"/>
  <testcase time="0" classname="| https://www.google.com.ar/ | chrome | kiwi | Google Nexus 7 |" name="And I click the search button"/>
  <testcase time="0" classname="| https://www.google.com.ar/ | chrome | kiwi | Google Nexus 7 |" name="Then I see the results for Java"/>
  <testcase time="1.159" classname="| https://www.google.com.ar/ | chrome | kiwi | Google Nexus 7 |" name="| https://www.google.com.ar/ | chrome | kiwi | Google Nexus 7 |"/>
  <testcase time="0" classname="| https://www.google.com.ar/ | chrome | compu | Samsung Galaxy Note 3 |" name="Given &quot;https://www.google.com.ar/&quot; is open in &quot;chrome&quot; and set the emulation to device &quot;Samsung Galaxy Note 3&quot;"/>
  <testcase time="0" classname="| https://www.google.com.ar/ | chrome | compu | Samsung Galaxy Note 3 |" name="When I type &quot;compu&quot; in the search field"/>
  <testcase time="0" classname="| https://www.google.com.ar/ | chrome | compu | Samsung Galaxy Note 3 |" name="And I click the search button"/>
  <testcase time="0" classname="| https://www.google.com.ar/ | chrome | compu | Samsung Galaxy Note 3 |" name="Then I see the results for Java"/>
  <testcase time="1.152" classname="| https://www.google.com.ar/ | chrome | compu | Samsung Galaxy Note 3 |" name="| https://www.google.com.ar/ | chrome | compu | Samsung Galaxy Note 3 |"/>
  <testcase time="0" classname="| https://www.google.com.ar/ | chrome | compu | Samsung Galaxy Note II |" name="Given &quot;https://www.google.com.ar/&quot; is open in &quot;chrome&quot; and set the emulation to device &quot;Samsung Galaxy Note II&quot;"/>
  <testcase time="0" classname="| https://www.google.com.ar/ | chrome | compu | Samsung Galaxy Note II |" name="When I type &quot;compu&quot; in the search field"/>
  <testcase time="0" classname="| https://www.google.com.ar/ | chrome | compu | Samsung Galaxy Note II |" name="And I click the search button"/>
  <testcase time="0" classname="| https://www.google.com.ar/ | chrome | compu | Samsung Galaxy Note II |" name="Then I see the results for Java"/>
  <testcase time="1.149" classname="| https://www.google.com.ar/ | chrome | compu | Samsung Galaxy Note II |" name="| https://www.google.com.ar/ | chrome | compu | Samsung Galaxy Note II |"/>
  <testcase time="0" classname="| https://www.google.com.ar/ | chrome | compu | Samsung Galaxy S4 |" name="Given &quot;https://www.google.com.ar/&quot; is open in &quot;chrome&quot; and set the emulation to device &quot;Samsung Galaxy S4&quot;"/>
  <testcase time="0" classname="| https://www.google.com.ar/ | chrome | compu | Samsung Galaxy S4 |" name="When I type &quot;compu&quot; in the search field"/>
  <testcase time="0" classname="| https://www.google.com.ar/ | chrome | compu | Samsung Galaxy S4 |" name="And I click the search button"/>
  <testcase time="0" classname="| https://www.google.com.ar/ | chrome | compu | Samsung Galaxy S4 |" name="Then I see the results for Java"/>
  <testcase time="1.139" classname="| https://www.google.com.ar/ | chrome | compu | Samsung Galaxy S4 |" name="| https://www.google.com.ar/ | chrome | compu | Samsung Galaxy S4 |"/>
</testsuite>